<?xml version="1.0" encoding="UTF-8" ?>
<testsuite errors="0" failures="0" hostname="UNIT-1667" name="jetbrains.mps.testbench.junit.suites.AntModuleTestSuite0" skipped="0" tests="2" time="6.858" timestamp="2023-03-17T15:25:50">
  <properties>
    <property name="ant.library.dir" value="/Applications/MPS 2022.3.app/Contents/lib/ant/lib" />
    <property name="java.specification.version" value="17" />
    <property name="ant.project.name" value="BuildProjectWithTests" />
    <property name="build.mps.config.path" value="/Users/Maria.Lebedeva/MPSProjects/MPSSmokeTestData223_2/build/config" />
    <property name="mpsBootstrapCore.version.major" value="2022" />
    <property name="sun.jnu.encoding" value="UTF-8" />
    <property name="mpsBootstrapCore.version.bugfixNr" value="" />
    <property name="sun.arch.data.model" value="64" />
    <property name="java.vendor.url" value="https://openjdk.java.net/" />
    <property name="mpsBootstrapCore.version.minor" value="3" />
    <property name="build.layout" value="/Users/Maria.Lebedeva/MPSProjects/MPSSmokeTestData223_2/build/artifacts/BuildProjectWithTests" />
    <property name="sun.boot.library.path" value="/Applications/MPS 2022.3.app/Contents/jbr/Contents/Home/lib" />
    <property name="sun.java.command" value="org.apache.tools.ant.taskdefs.optional.junit.JUnitTestRunner jetbrains.mps.testbench.junit.suites.AntModuleTestSuite0 skipNonTests=false filtertrace=true haltOnError=false haltOnFailure=false showoutput=true outputtoformatters=true logfailedtests=true threadid=0 logtestlistenerevents=false formatter=org.apache.tools.ant.taskdefs.optional.junit.XMLJUnitResultFormatter,/Users/Maria.Lebedeva/MPSProjects/MPSSmokeTestData223_2/TEST-jetbrains.mps.testbench.junit.suites.AntModuleTestSuite0-abc.xml crashfile=/Users/Maria.Lebedeva/MPSProjects/MPSSmokeTestData223_2/junitvmwatcher9905324194454836433.properties propsfile=/Users/Maria.Lebedeva/MPSProjects/MPSSmokeTestData223_2/junit2200609524097316551.properties" />
    <property name="mps.date" value="20230316" />
    <property name="jdk.debug" value="release" />
    <property name="import.mps.mpsBootstrapCore.version.bugfixNr" value="" />
    <property name="mps.idea.platform.build.number" value="MPS-223.8836.275" />
    <property name="idea.config.path" value="/Users/Maria.Lebedeva/MPSProjects/MPSSmokeTestData223_2/build/config" />
    <property name="java.specification.vendor" value="Oracle Corporation" />
    <property name="mpsBootstrapCore.version.eap" value="" />
    <property name="java.version.date" value="2023-01-17" />
    <property name="env.JAVA_HOME" value="/Applications/MPS 2022.3.app/Contents/jbr/Contents/Home/.." />
    <property name="java.home" value="/Applications/MPS 2022.3.app/Contents/jbr/Contents/Home" />
    <property name="basedir" value="/Users/Maria.Lebedeva/MPSProjects/MPSSmokeTestData223_2" />
    <property name="file.separator" value="/" />
    <property name="java.vm.compressedOopsMode" value="Zero based" />
    <property name="line.separator" value="&#xa;" />
    <property name="java.specification.name" value="Java Platform API Specification" />
    <property name="java.vm.specification.vendor" value="Oracle Corporation" />
    <property name="mps.libraries.path.string" value="/Applications/MPS 2022.3.app/Contents/languages/baseLanguage/closures.runtime.jar:/Applications/MPS 2022.3.app/Contents/languages/baseLanguage/collections.runtime.jar:/Applications/MPS 2022.3.app/Contents/languages/baseLanguage/jetbrains.mps.baseLanguage.blTypes.jar:/Applications/MPS 2022.3.app/Contents/languages/baseLanguage/jetbrains.mps.baseLanguage.classifiers.jar:/Applications/MPS 2022.3.app/Contents/languages/baseLanguage/jetbrains.mps.baseLanguage.closures.jar:/Applications/MPS 2022.3.app/Contents/languages/baseLanguage/jetbrains.mps.baseLanguage.collections.jar:/Applications/MPS 2022.3.app/Contents/languages/baseLanguage/jetbrains.mps.baseLanguage.jar:/Applications/MPS 2022.3.app/Contents/languages/baseLanguage/jetbrains.mps.baseLanguage.javadoc.jar:/Applications/MPS 2022.3.app/Contents/languages/baseLanguage/jetbrains.mps.baseLanguage.jdk7.jar:/Applications/MPS 2022.3.app/Contents/languages/baseLanguage/jetbrains.mps.baseLanguage.references.runtime.jar:/Applications/MPS 2022.3.app/Contents/languages/baseLanguage/jetbrains.mps.baseLanguage.regexp.jar:/Applications/MPS 2022.3.app/Contents/languages/baseLanguage/jetbrains.mps.baseLanguage.regexp.runtime.jar:/Applications/MPS 2022.3.app/Contents/languages/baseLanguage/jetbrains.mps.baseLanguage.scopes.jar:/Applications/MPS 2022.3.app/Contents/languages/baseLanguage/jetbrains.mps.baseLanguage.tuples.jar:/Applications/MPS 2022.3.app/Contents/languages/baseLanguage/jetbrains.mps.baseLanguage.tuples.runtime.jar:/Applications/MPS 2022.3.app/Contents/languages/baseLanguage/jetbrains.mps.baseLanguage.util.jar:/Applications/MPS 2022.3.app/Contents/languages/baseLanguage/jetbrains.mps.baseLanguageInternal.jar:/Applications/MPS 2022.3.app/Contents/languages/editor/jetbrains.mps.editor.runtime.jar:/Applications/MPS 2022.3.app/Contents/languages/editor/jetbrains.mps.editorlang.runtime.jar:/Applications/MPS 2022.3.app/Contents/languages/languageDesign/jetbrains.mps.baseLanguage.lightweightdsl.jar:/Applications/MPS 2022.3.app/Contents/languages/languageDesign/jetbrains.mps.lang.actions.jar:/Applications/MPS 2022.3.app/Contents/languages/languageDesign/jetbrains.mps.lang.behavior.jar:/Applications/MPS 2022.3.app/Contents/languages/languageDesign/jetbrains.mps.lang.checkedName.jar:/Applications/MPS 2022.3.app/Contents/languages/languageDesign/jetbrains.mps.lang.constraints.jar:/Applications/MPS 2022.3.app/Contents/languages/languageDesign/jetbrains.mps.lang.constraints.rules.jar:/Applications/MPS 2022.3.app/Contents/languages/languageDesign/jetbrains.mps.lang.constraints.rules.kinds.jar:/Applications/MPS 2022.3.app/Contents/languages/languageDesign/jetbrains.mps.lang.constraints.rules.skeleton.jar:/Applications/MPS 2022.3.app/Contents/languages/languageDesign/jetbrains.mps.lang.context.defs.jar:/Applications/MPS 2022.3.app/Contents/languages/languageDesign/jetbrains.mps.lang.context.jar:/Applications/MPS 2022.3.app/Contents/languages/languageDesign/jetbrains.mps.lang.core.jar:/Applications/MPS 2022.3.app/Contents/languages/languageDesign/jetbrains.mps.lang.dataFlow.jar:/Applications/MPS 2022.3.app/Contents/languages/languageDesign/jetbrains.mps.lang.descriptor.jar:/Applications/MPS 2022.3.app/Contents/languages/languageDesign/jetbrains.mps.lang.editor.jar:/Applications/MPS 2022.3.app/Contents/languages/languageDesign/jetbrains.mps.lang.findUsages.jar:/Applications/MPS 2022.3.app/Contents/languages/languageDesign/jetbrains.mps.lang.generator.generationContext.jar:/Applications/MPS 2022.3.app/Contents/languages/languageDesign/jetbrains.mps.lang.generator.jar:/Applications/MPS 2022.3.app/Contents/languages/languageDesign/jetbrains.mps.lang.intentions.jar:/Applications/MPS 2022.3.app/Contents/languages/languageDesign/jetbrains.mps.lang.migration.jar:/Applications/MPS 2022.3.app/Contents/languages/languageDesign/jetbrains.mps.lang.modelapi.jar:/Applications/MPS 2022.3.app/Contents/languages/languageDesign/jetbrains.mps.lang.pattern.jar:/Applications/MPS 2022.3.app/Contents/languages/languageDesign/jetbrains.mps.lang.plugin.jar:/Applications/MPS 2022.3.app/Contents/languages/languageDesign/jetbrains.mps.lang.project.jar:/Applications/MPS 2022.3.app/Contents/languages/languageDesign/jetbrains.mps.lang.quotation.jar:/Applications/MPS 2022.3.app/Contents/languages/languageDesign/jetbrains.mps.lang.refactoring.jar:/Applications/MPS 2022.3.app/Contents/languages/languageDesign/jetbrains.mps.lang.resources.jar:/Applications/MPS 2022.3.app/Contents/languages/languageDesign/jetbrains.mps.lang.scopes.runtime.jar:/Applications/MPS 2022.3.app/Contents/languages/languageDesign/jetbrains.mps.lang.script.jar:/Applications/MPS 2022.3.app/Contents/languages/languageDesign/jetbrains.mps.lang.sharedConcepts.jar:/Applications/MPS 2022.3.app/Contents/languages/languageDesign/jetbrains.mps.lang.smodel.jar:/Applications/MPS 2022.3.app/Contents/languages/languageDesign/jetbrains.mps.lang.smodel.query.jar:/Applications/MPS 2022.3.app/Contents/languages/languageDesign/jetbrains.mps.lang.structure.jar:/Applications/MPS 2022.3.app/Contents/languages/languageDesign/jetbrains.mps.lang.textGen.jar:/Applications/MPS 2022.3.app/Contents/languages/languageDesign/jetbrains.mps.lang.traceable.jar:/Applications/MPS 2022.3.app/Contents/languages/languageDesign/jetbrains.mps.lang.typesystem.jar:/Applications/MPS 2022.3.app/Contents/languages/languageDesign/jetbrains.mps.refactoring.participant.jar:/Applications/MPS 2022.3.app/Contents/languages/languageDesign/jetbrains.mps.typesystemEngine.jar:/Applications/MPS 2022.3.app/Contents/languages/make/jetbrains.mps.make.facets.jar:/Applications/MPS 2022.3.app/Contents/languages/make/jetbrains.mps.make.jar:/Applications/MPS 2022.3.app/Contents/languages/make/jetbrains.mps.make.runtime.jar:/Applications/MPS 2022.3.app/Contents/languages/make/jetbrains.mps.smodel.resources.jar:/Applications/MPS 2022.3.app/Contents/languages/mps-stubs.jar:/Applications/MPS 2022.3.app/Contents/languages/plaf/jetbrains.mps.baseLanguage.search.jar:/Applications/MPS 2022.3.app/Contents/languages/plaf/jetbrains.mps.ide.platform.jar:/Applications/MPS 2022.3.app/Contents/languages/plaf/jetbrains.mps.ide.refactoring.platform.jar:/Applications/MPS 2022.3.app/Contents/languages/runtimes/jetbrains.mps.analyzers.runtime.jar:/Applications/MPS 2022.3.app/Contents/languages/runtimes/jetbrains.mps.dataFlow.runtime.jar:/Applications/MPS 2022.3.app/Contents/languages/runtimes/jetbrains.mps.findUsages.runtime.jar:/Applications/MPS 2022.3.app/Contents/languages/runtimes/jetbrains.mps.lang.behavior.api.jar:/Applications/MPS 2022.3.app/Contents/languages/runtimes/jetbrains.mps.lang.behavior.runtime.jar:/Applications/MPS 2022.3.app/Contents/languages/runtimes/jetbrains.mps.lang.feedback.context.jar:/Applications/MPS 2022.3.app/Contents/languages/runtimes/jetbrains.mps.lang.feedback.problem.legacy-constraints.jar:/Applications/MPS 2022.3.app/Contents/languages/runtimes/jetbrains.mps.lang.feedback.problem.rt.jar:/Applications/MPS 2022.3.app/Contents/languages/runtimes/jetbrains.mps.lang.migration.runtime.jar:/Applications/MPS 2022.3.app/Contents/languages/runtimes/jetbrains.mps.lang.smodel.query.runtime.jar:/Applications/MPS 2022.3.app/Contents/languages/runtimes/jetbrains.mps.refactoring.runtime.jar:/Applications/MPS 2022.3.app/Contents/languages/text/jetbrains.mps.lang.text.jar:/Applications/MPS 2022.3.app/Contents/languages/tools/jetbrains.mps.core.tool.environment.jar:/Applications/MPS 2022.3.app/Contents/languages/tools/jetbrains.mps.tool.common.jar:/Applications/MPS 2022.3.app/Contents/languages/util/jetbrains.mps.java.stub.jar:/Applications/MPS 2022.3.app/Contents/languages/util/jetbrains.mps.kernel.jar:/Applications/MPS 2022.3.app/Contents/languages/util/jetbrains.mps.project.jar:/Applications/MPS 2022.3.app/Contents/languages/util/jetbrains.mps.refactoring.jar:/Applications/MPS 2022.3.app/Contents/languages/util/jetbrains.mps.runtime.jar:/Applications/MPS 2022.3.app/Contents/plugins/mps-testing/languages/baseLanguage/jetbrains.mps.baseLanguage.unitTest.jar:/Applications/MPS 2022.3.app/Contents/plugins/mps-testing/languages/languageDesign/jetbrains.mps.lang.test.jar:/Applications/MPS 2022.3.app/Contents/plugins/mps-testing/languages/languageDesign/jetbrains.mps.lang.test.matcher.jar:/Applications/MPS 2022.3.app/Contents/plugins/mps-testing/languages/languageDesign/jetbrains.mps.lang.test.runtime.jar" />
    <property name="import.mps.mpsBootstrapCore.version.eap" value="" />
    <property name="jbr.virtualization.information" value="No virtualization detected" />
    <property name="import.mps.mps.build.vcs.number" value="bc7149fda832f6b75067e2e0e921c5bbb8b07bad" />
    <property name="ant.file.type.BuildProjectWithTests" value="file" />
    <property name="sun.management.compiler" value="HotSpot 64-Bit Tiered Compilers" />
    <property name="jdk.home" value="/Applications/MPS 2022.3.app/Contents/jbr/Contents/Home/.." />
    <property name="java.runtime.version" value="17.0.6+1-b653.34" />
    <property name="user.name" value="Maria.Lebedeva" />
    <property name="mps.generator.skipUnmodifiedModels" value="false" />
    <property name="file.encoding" value="UTF-8" />
    <property name="java.vendor.version" value="JBR-17.0.6+1-653.34-jcef" />
    <property name="ant.file.BuildProjectWithTests" value="/Users/Maria.Lebedeva/MPSProjects/MPSSmokeTestData223_2/testsFromAnt.xml" />
    <property name="mps.teamcity.buildConfName" value="Binaries" />
    <property name="build.dir" value="/Users/Maria.Lebedeva/MPSProjects/MPSSmokeTestData223_2/build" />
    <property name="java.io.tmpdir" value="/var/folders/ss/5d2nrdt57bsg5spz41ynsj880000kt/T/" />
    <property name="import.mps.mps.teamcity.buildConfName" value="Binaries" />
    <property name="java.version" value="17.0.6" />
    <property name="import.mps.mpsBootstrapCore.version" value="2022.3" />
    <property name="java.vm.specification.name" value="Java Virtual Machine Specification" />
    <property name="idea.system.path" value="/Users/Maria.Lebedeva/MPSProjects/MPSSmokeTestData223_2/build/system" />
    <property name="ant.home" value="/Applications/MPS 2022.3.app/Contents/lib/ant" />
    <property name="native.encoding" value="UTF-8" />
    <property name="ant.version" value="Apache Ant(TM) version 1.10.12 compiled on October 13 2021" />
    <property name="import.mps.mpsBootstrapCore.version.minor" value="3" />
    <property name="java.library.path" value="/Users/Maria.Lebedeva/Library/Java/Extensions:/Library/Java/Extensions:/Network/Library/Java/Extensions:/System/Library/Java/Extensions:/usr/lib/java:." />
    <property name="java.vendor" value="JetBrains s.r.o." />
    <property name="sun.io.unicode.encoding" value="UnicodeBig" />
    <property name="import.mps.mpsBootstrapCore.version.major" value="2022" />
    <property name="socksNonProxyHosts" value="local|*.local|169.254/16|*.169.254/16" />
    <property name="mpsBootstrapCore.version" value="2022.3" />
    <property name="ant.file.type" value="file" />
    <property name="java.class.path" value="/Users/Maria.Lebedeva/MPSProjects/MPSSmokeTestData223_2/build/tmp/BuildProjectWithTests/mps.class.path.jar:/Applications/MPS 2022.3.app/Contents/lib/ant/lib/ant-launcher.jar:/Applications/MPS 2022.3.app/Contents/lib/ant/lib/ant.jar:/Applications/MPS 2022.3.app/Contents/lib/ant/lib/ant-junit.jar:/Applications/MPS 2022.3.app/Contents/lib/ant/lib/ant-junit4.jar" />
    <property name="import.mps.mps.date" value="20230316" />
    <property name="java.vm.vendor" value="JetBrains s.r.o." />
    <property name="import.mps.mps.mps.build.counter" value="1059" />
    <property name="mps.plugins.path.string" value="/Applications/MPS 2022.3.app/Contents/plugins/mps-core:/Applications/MPS 2022.3.app/Contents/plugins/mps-testing" />
    <property name="java.vm.specification.version" value="17" />
    <property name="os.name" value="Mac OS X" />
    <property name="jna.boot.library.path" value="/Applications/MPS 2022.3.app/Contents/lib/jna" />
    <property name="sun.java.launcher" value="SUN_STANDARD" />
    <property name="user.country" value="GB" />
    <property name="http.nonProxyHosts" value="local|*.local|169.254/16|*.169.254/16" />
    <property name="sun.cpu.endian" value="little" />
    <property name="user.home" value="/Users/Maria.Lebedeva" />
    <property name="user.language" value="en" />
    <property name="mps.mps.build.counter" value="1059" />
    <property name="ant.java.version" value="17" />
    <property name="mps.test.modules" value="/Users/Maria.Lebedeva/MPSProjects/MPSSmokeTestData223_2/build/tmp/BuildProjectWithTests/default/ForSmokeTest.zip/ForSmokeTest/languages/ForSmokeTest/TestModes.jar" />
    <property name="mps.libraries" value="/Applications/MPS 2022.3.app/Contents/languages/baseLanguage/closures.runtime.jar:/Applications/MPS 2022.3.app/Contents/languages/baseLanguage/collections.runtime.jar:/Applications/MPS 2022.3.app/Contents/languages/baseLanguage/jetbrains.mps.baseLanguage.blTypes.jar:/Applications/MPS 2022.3.app/Contents/languages/baseLanguage/jetbrains.mps.baseLanguage.classifiers.jar:/Applications/MPS 2022.3.app/Contents/languages/baseLanguage/jetbrains.mps.baseLanguage.closures.jar:/Applications/MPS 2022.3.app/Contents/languages/baseLanguage/jetbrains.mps.baseLanguage.collections.jar:/Applications/MPS 2022.3.app/Contents/languages/baseLanguage/jetbrains.mps.baseLanguage.jar:/Applications/MPS 2022.3.app/Contents/languages/baseLanguage/jetbrains.mps.baseLanguage.javadoc.jar:/Applications/MPS 2022.3.app/Contents/languages/baseLanguage/jetbrains.mps.baseLanguage.jdk7.jar:/Applications/MPS 2022.3.app/Contents/languages/baseLanguage/jetbrains.mps.baseLanguage.references.runtime.jar:/Applications/MPS 2022.3.app/Contents/languages/baseLanguage/jetbrains.mps.baseLanguage.regexp.jar:/Applications/MPS 2022.3.app/Contents/languages/baseLanguage/jetbrains.mps.baseLanguage.regexp.runtime.jar:/Applications/MPS 2022.3.app/Contents/languages/baseLanguage/jetbrains.mps.baseLanguage.scopes.jar:/Applications/MPS 2022.3.app/Contents/languages/baseLanguage/jetbrains.mps.baseLanguage.tuples.jar:/Applications/MPS 2022.3.app/Contents/languages/baseLanguage/jetbrains.mps.baseLanguage.tuples.runtime.jar:/Applications/MPS 2022.3.app/Contents/languages/baseLanguage/jetbrains.mps.baseLanguage.util.jar:/Applications/MPS 2022.3.app/Contents/languages/baseLanguage/jetbrains.mps.baseLanguageInternal.jar:/Applications/MPS 2022.3.app/Contents/languages/editor/jetbrains.mps.editor.runtime.jar:/Applications/MPS 2022.3.app/Contents/languages/editor/jetbrains.mps.editorlang.runtime.jar:/Applications/MPS 2022.3.app/Contents/languages/languageDesign/jetbrains.mps.baseLanguage.lightweightdsl.jar:/Applications/MPS 2022.3.app/Contents/languages/languageDesign/jetbrains.mps.lang.actions.jar:/Applications/MPS 2022.3.app/Contents/languages/languageDesign/jetbrains.mps.lang.behavior.jar:/Applications/MPS 2022.3.app/Contents/languages/languageDesign/jetbrains.mps.lang.checkedName.jar:/Applications/MPS 2022.3.app/Contents/languages/languageDesign/jetbrains.mps.lang.constraints.jar:/Applications/MPS 2022.3.app/Contents/languages/languageDesign/jetbrains.mps.lang.constraints.rules.jar:/Applications/MPS 2022.3.app/Contents/languages/languageDesign/jetbrains.mps.lang.constraints.rules.kinds.jar:/Applications/MPS 2022.3.app/Contents/languages/languageDesign/jetbrains.mps.lang.constraints.rules.skeleton.jar:/Applications/MPS 2022.3.app/Contents/languages/languageDesign/jetbrains.mps.lang.context.defs.jar:/Applications/MPS 2022.3.app/Contents/languages/languageDesign/jetbrains.mps.lang.context.jar:/Applications/MPS 2022.3.app/Contents/languages/languageDesign/jetbrains.mps.lang.core.jar:/Applications/MPS 2022.3.app/Contents/languages/languageDesign/jetbrains.mps.lang.dataFlow.jar:/Applications/MPS 2022.3.app/Contents/languages/languageDesign/jetbrains.mps.lang.descriptor.jar:/Applications/MPS 2022.3.app/Contents/languages/languageDesign/jetbrains.mps.lang.editor.jar:/Applications/MPS 2022.3.app/Contents/languages/languageDesign/jetbrains.mps.lang.findUsages.jar:/Applications/MPS 2022.3.app/Contents/languages/languageDesign/jetbrains.mps.lang.generator.generationContext.jar:/Applications/MPS 2022.3.app/Contents/languages/languageDesign/jetbrains.mps.lang.generator.jar:/Applications/MPS 2022.3.app/Contents/languages/languageDesign/jetbrains.mps.lang.intentions.jar:/Applications/MPS 2022.3.app/Contents/languages/languageDesign/jetbrains.mps.lang.migration.jar:/Applications/MPS 2022.3.app/Contents/languages/languageDesign/jetbrains.mps.lang.modelapi.jar:/Applications/MPS 2022.3.app/Contents/languages/languageDesign/jetbrains.mps.lang.pattern.jar:/Applications/MPS 2022.3.app/Contents/languages/languageDesign/jetbrains.mps.lang.plugin.jar:/Applications/MPS 2022.3.app/Contents/languages/languageDesign/jetbrains.mps.lang.project.jar:/Applications/MPS 2022.3.app/Contents/languages/languageDesign/jetbrains.mps.lang.quotation.jar:/Applications/MPS 2022.3.app/Contents/languages/languageDesign/jetbrains.mps.lang.refactoring.jar:/Applications/MPS 2022.3.app/Contents/languages/languageDesign/jetbrains.mps.lang.resources.jar:/Applications/MPS 2022.3.app/Contents/languages/languageDesign/jetbrains.mps.lang.scopes.runtime.jar:/Applications/MPS 2022.3.app/Contents/languages/languageDesign/jetbrains.mps.lang.script.jar:/Applications/MPS 2022.3.app/Contents/languages/languageDesign/jetbrains.mps.lang.sharedConcepts.jar:/Applications/MPS 2022.3.app/Contents/languages/languageDesign/jetbrains.mps.lang.smodel.jar:/Applications/MPS 2022.3.app/Contents/languages/languageDesign/jetbrains.mps.lang.smodel.query.jar:/Applications/MPS 2022.3.app/Contents/languages/languageDesign/jetbrains.mps.lang.structure.jar:/Applications/MPS 2022.3.app/Contents/languages/languageDesign/jetbrains.mps.lang.textGen.jar:/Applications/MPS 2022.3.app/Contents/languages/languageDesign/jetbrains.mps.lang.traceable.jar:/Applications/MPS 2022.3.app/Contents/languages/languageDesign/jetbrains.mps.lang.typesystem.jar:/Applications/MPS 2022.3.app/Contents/languages/languageDesign/jetbrains.mps.refactoring.participant.jar:/Applications/MPS 2022.3.app/Contents/languages/languageDesign/jetbrains.mps.typesystemEngine.jar:/Applications/MPS 2022.3.app/Contents/languages/make/jetbrains.mps.make.facets.jar:/Applications/MPS 2022.3.app/Contents/languages/make/jetbrains.mps.make.jar:/Applications/MPS 2022.3.app/Contents/languages/make/jetbrains.mps.make.runtime.jar:/Applications/MPS 2022.3.app/Contents/languages/make/jetbrains.mps.smodel.resources.jar:/Applications/MPS 2022.3.app/Contents/languages/mps-stubs.jar:/Applications/MPS 2022.3.app/Contents/languages/plaf/jetbrains.mps.baseLanguage.search.jar:/Applications/MPS 2022.3.app/Contents/languages/plaf/jetbrains.mps.ide.platform.jar:/Applications/MPS 2022.3.app/Contents/languages/plaf/jetbrains.mps.ide.refactoring.platform.jar:/Applications/MPS 2022.3.app/Contents/languages/runtimes/jetbrains.mps.analyzers.runtime.jar:/Applications/MPS 2022.3.app/Contents/languages/runtimes/jetbrains.mps.dataFlow.runtime.jar:/Applications/MPS 2022.3.app/Contents/languages/runtimes/jetbrains.mps.findUsages.runtime.jar:/Applications/MPS 2022.3.app/Contents/languages/runtimes/jetbrains.mps.lang.behavior.api.jar:/Applications/MPS 2022.3.app/Contents/languages/runtimes/jetbrains.mps.lang.behavior.runtime.jar:/Applications/MPS 2022.3.app/Contents/languages/runtimes/jetbrains.mps.lang.feedback.context.jar:/Applications/MPS 2022.3.app/Contents/languages/runtimes/jetbrains.mps.lang.feedback.problem.legacy-constraints.jar:/Applications/MPS 2022.3.app/Contents/languages/runtimes/jetbrains.mps.lang.feedback.problem.rt.jar:/Applications/MPS 2022.3.app/Contents/languages/runtimes/jetbrains.mps.lang.migration.runtime.jar:/Applications/MPS 2022.3.app/Contents/languages/runtimes/jetbrains.mps.lang.smodel.query.runtime.jar:/Applications/MPS 2022.3.app/Contents/languages/runtimes/jetbrains.mps.refactoring.runtime.jar:/Applications/MPS 2022.3.app/Contents/languages/text/jetbrains.mps.lang.text.jar:/Applications/MPS 2022.3.app/Contents/languages/tools/jetbrains.mps.core.tool.environment.jar:/Applications/MPS 2022.3.app/Contents/languages/tools/jetbrains.mps.tool.common.jar:/Applications/MPS 2022.3.app/Contents/languages/util/jetbrains.mps.java.stub.jar:/Applications/MPS 2022.3.app/Contents/languages/util/jetbrains.mps.kernel.jar:/Applications/MPS 2022.3.app/Contents/languages/util/jetbrains.mps.project.jar:/Applications/MPS 2022.3.app/Contents/languages/util/jetbrains.mps.refactoring.jar:/Applications/MPS 2022.3.app/Contents/languages/util/jetbrains.mps.runtime.jar:/Applications/MPS 2022.3.app/Contents/plugins/mps-testing/languages/baseLanguage/jetbrains.mps.baseLanguage.unitTest.jar:/Applications/MPS 2022.3.app/Contents/plugins/mps-testing/languages/languageDesign/jetbrains.mps.lang.test.jar:/Applications/MPS 2022.3.app/Contents/plugins/mps-testing/languages/languageDesign/jetbrains.mps.lang.test.matcher.jar:/Applications/MPS 2022.3.app/Contents/plugins/mps-testing/languages/languageDesign/jetbrains.mps.lang.test.runtime.jar" />
    <property name="mps.build.number" value="MPS-223.8836.1059" />
    <property name="mps.build.vcs.number" value="bc7149fda832f6b75067e2e0e921c5bbb8b07bad" />
    <property name="ftp.nonProxyHosts" value="local|*.local|169.254/16|*.169.254/16" />
    <property name="plugin.path" value="/Applications/MPS 2022.3.app/Contents/plugins/mps-core:/Applications/MPS 2022.3.app/Contents/plugins/mps-testing" />
    <property name="ant.file" value="/Users/Maria.Lebedeva/MPSProjects/MPSSmokeTestData223_2/testsFromAnt.xml" />
    <property name="path.separator" value=":" />
    <property name="build.mps.system.path" value="/Users/Maria.Lebedeva/MPSProjects/MPSSmokeTestData223_2/build/system" />
    <property name="mps_home" value="/Applications/MPS 2022.3.app/Contents" />
    <property name="os.version" value="12.6.3" />
    <property name="java.runtime.name" value="OpenJDK Runtime Environment" />
    <property name="manifest.classpath" value="file:////Applications/MPS%202022.3.app/Contents/lib/3rd-party-native.jar file:////Applications/MPS%202022.3.app/Contents/lib/3rd-party-rt.jar file:////Applications/MPS%202022.3.app/Contents/lib/annotations.jar file:////Applications/MPS%202022.3.app/Contents/lib/ant/lib/ant-antlr.jar file:////Applications/MPS%202022.3.app/Contents/lib/ant/lib/ant-apache-bcel.jar file:////Applications/MPS%202022.3.app/Contents/lib/ant/lib/ant-apache-bsf.jar file:////Applications/MPS%202022.3.app/Contents/lib/ant/lib/ant-apache-log4j.jar file:////Applications/MPS%202022.3.app/Contents/lib/ant/lib/ant-apache-oro.jar file:////Applications/MPS%202022.3.app/Contents/lib/ant/lib/ant-apache-regexp.jar file:////Applications/MPS%202022.3.app/Contents/lib/ant/lib/ant-apache-resolver.jar file:////Applications/MPS%202022.3.app/Contents/lib/ant/lib/ant-apache-xalan2.jar file:////Applications/MPS%202022.3.app/Contents/lib/ant/lib/ant-commons-logging.jar file:////Applications/MPS%202022.3.app/Contents/lib/ant/lib/ant-commons-net.jar file:////Applications/MPS%202022.3.app/Contents/lib/ant/lib/ant-imageio.jar file:////Applications/MPS%202022.3.app/Contents/lib/ant/lib/ant-jai.jar file:////Applications/MPS%202022.3.app/Contents/lib/ant/lib/ant-javamail.jar file:////Applications/MPS%202022.3.app/Contents/lib/ant/lib/ant-jdepend.jar file:////Applications/MPS%202022.3.app/Contents/lib/ant/lib/ant-jmf.jar file:////Applications/MPS%202022.3.app/Contents/lib/ant/lib/ant-jsch.jar file:////Applications/MPS%202022.3.app/Contents/lib/ant/lib/ant-junit.jar file:////Applications/MPS%202022.3.app/Contents/lib/ant/lib/ant-junit4.jar file:////Applications/MPS%202022.3.app/Contents/lib/ant/lib/ant-junitlauncher.jar file:////Applications/MPS%202022.3.app/Contents/lib/ant/lib/ant-launcher.jar file:////Applications/MPS%202022.3.app/Contents/lib/ant/lib/ant-mps.jar file:////Applications/MPS%202022.3.app/Contents/lib/ant/lib/ant-netrexx.jar file:////Applications/MPS%202022.3.app/Contents/lib/ant/lib/ant-swing.jar file:////Applications/MPS%202022.3.app/Contents/lib/ant/lib/ant-testutil.jar file:////Applications/MPS%202022.3.app/Contents/lib/ant/lib/ant-xz.jar file:////Applications/MPS%202022.3.app/Contents/lib/ant/lib/ant.jar file:////Applications/MPS%202022.3.app/Contents/lib/app.jar file:////Applications/MPS%202022.3.app/Contents/lib/branding.jar file:////Applications/MPS%202022.3.app/Contents/lib/byte-buddy-agent.jar file:////Applications/MPS%202022.3.app/Contents/lib/cds/classesLogAgent.jar file:////Applications/MPS%202022.3.app/Contents/lib/eclipse.jar file:////Applications/MPS%202022.3.app/Contents/lib/error-prone-annotations.jar file:////Applications/MPS%202022.3.app/Contents/lib/ext/diffutils-1.2.1-javadoc.jar file:////Applications/MPS%202022.3.app/Contents/lib/ext/diffutils-1.2.1-sources.jar file:////Applications/MPS%202022.3.app/Contents/lib/ext/diffutils-1.2.1.jar file:////Applications/MPS%202022.3.app/Contents/lib/external-system-rt.jar file:////Applications/MPS%202022.3.app/Contents/lib/externalProcess-rt.jar file:////Applications/MPS%202022.3.app/Contents/lib/forms_rt.jar file:////Applications/MPS%202022.3.app/Contents/lib/groovy.jar file:////Applications/MPS%202022.3.app/Contents/lib/idea_rt.jar file:////Applications/MPS%202022.3.app/Contents/lib/intellij-coverage-agent-1.0.682.jar file:////Applications/MPS%202022.3.app/Contents/lib/intellij-test-discovery.jar file:////Applications/MPS%202022.3.app/Contents/lib/java-impl.jar file:////Applications/MPS%202022.3.app/Contents/lib/javac2.jar file:////Applications/MPS%202022.3.app/Contents/lib/jetbrains-annotations.jar file:////Applications/MPS%202022.3.app/Contents/lib/jps-model.jar file:////Applications/MPS%202022.3.app/Contents/lib/jps/jps-build-test.jar file:////Applications/MPS%202022.3.app/Contents/lib/junit4.jar file:////Applications/MPS%202022.3.app/Contents/lib/kotlin-compiler-client-embeddable-1.7.0-javadoc.jar file:////Applications/MPS%202022.3.app/Contents/lib/kotlin-compiler-client-embeddable-1.7.0-sources.jar file:////Applications/MPS%202022.3.app/Contents/lib/kotlin-compiler-client-embeddable-1.7.0.jar file:////Applications/MPS%202022.3.app/Contents/lib/kotlinx-metadata-jvm-0.4.2-javadoc.jar file:////Applications/MPS%202022.3.app/Contents/lib/kotlinx-metadata-jvm-0.4.2-sources.jar file:////Applications/MPS%202022.3.app/Contents/lib/kotlinx-metadata-jvm-0.4.2.jar file:////Applications/MPS%202022.3.app/Contents/lib/mps-annotations.jar file:////Applications/MPS%202022.3.app/Contents/lib/mps-behavior-api.jar file:////Applications/MPS%202022.3.app/Contents/lib/mps-behavior-runtime.jar file:////Applications/MPS%202022.3.app/Contents/lib/mps-boot-util.jar file:////Applications/MPS%202022.3.app/Contents/lib/mps-boot.jar file:////Applications/MPS%202022.3.app/Contents/lib/mps-closures.jar file:////Applications/MPS%202022.3.app/Contents/lib/mps-collections.jar file:////Applications/MPS%202022.3.app/Contents/lib/mps-constraints-runtime.jar file:////Applications/MPS%202022.3.app/Contents/lib/mps-context.jar file:////Applications/MPS%202022.3.app/Contents/lib/mps-core.jar file:////Applications/MPS%202022.3.app/Contents/lib/mps-editor-api.jar file:////Applications/MPS%202022.3.app/Contents/lib/mps-editor-runtime.jar file:////Applications/MPS%202022.3.app/Contents/lib/mps-editor.jar file:////Applications/MPS%202022.3.app/Contents/lib/mps-environment.jar file:////Applications/MPS%202022.3.app/Contents/lib/mps-feedback-api.jar file:////Applications/MPS%202022.3.app/Contents/lib/mps-generator.jar file:////Applications/MPS%202022.3.app/Contents/lib/mps-icons.jar file:////Applications/MPS%202022.3.app/Contents/lib/mps-logging.jar file:////Applications/MPS%202022.3.app/Contents/lib/mps-messages-api.jar file:////Applications/MPS%202022.3.app/Contents/lib/mps-messages-for-legacy-constraints.jar file:////Applications/MPS%202022.3.app/Contents/lib/mps-messages-for-rules.jar file:////Applications/MPS%202022.3.app/Contents/lib/mps-messages-for-structure.jar file:////Applications/MPS%202022.3.app/Contents/lib/mps-messaging.jar file:////Applications/MPS%202022.3.app/Contents/lib/mps-openapi.jar file:////Applications/MPS%202022.3.app/Contents/lib/mps-persistence.jar file:////Applications/MPS%202022.3.app/Contents/lib/mps-platform.jar file:////Applications/MPS%202022.3.app/Contents/lib/mps-problem.jar file:////Applications/MPS%202022.3.app/Contents/lib/mps-project-check.jar file:////Applications/MPS%202022.3.app/Contents/lib/mps-references.jar file:////Applications/MPS%202022.3.app/Contents/lib/mps-resources.jar file:////Applications/MPS%202022.3.app/Contents/lib/mps-resources_en.jar file:////Applications/MPS%202022.3.app/Contents/lib/mps-test.jar file:////Applications/MPS%202022.3.app/Contents/lib/mps-textgen.jar file:////Applications/MPS%202022.3.app/Contents/lib/mps-tips.jar file:////Applications/MPS%202022.3.app/Contents/lib/mps-tuples.jar file:////Applications/MPS%202022.3.app/Contents/lib/mps-workbench.jar file:////Applications/MPS%202022.3.app/Contents/lib/mpsant/mps-run.jar file:////Applications/MPS%202022.3.app/Contents/lib/mpsant/mps-tool.jar file:////Applications/MPS%202022.3.app/Contents/lib/platform-objectSerializer-annotations.jar file:////Applications/MPS%202022.3.app/Contents/lib/platform-statistics-devkit.jar file:////Applications/MPS%202022.3.app/Contents/lib/protobuf.jar file:////Applications/MPS%202022.3.app/Contents/lib/pty4j.jar file:////Applications/MPS%202022.3.app/Contents/lib/rd.jar file:////Applications/MPS%202022.3.app/Contents/lib/stats.jar file:////Applications/MPS%202022.3.app/Contents/lib/testFramework.jar file:////Applications/MPS%202022.3.app/Contents/lib/tools-testsBootstrap.jar file:////Applications/MPS%202022.3.app/Contents/lib/util.jar file:////Applications/MPS%202022.3.app/Contents/lib/util_rt.jar file:////Applications/MPS%202022.3.app/Contents/lib/xml-dom-impl.jar file:////Applications/MPS%202022.3.app/Contents/jbr/Contents/lib/tools.jar" />
    <property name="import.mps.mps.build.number" value="MPS-223.8836.1059" />
    <property name="mps.macro.project_home" value="/Users/Maria.Lebedeva/MPSProjects/MPSSmokeTestData223_2" />
    <property name="ant.project.invoked-targets" value="clean,assemble,test" />
    <property name="java.vm.name" value="OpenJDK 64-Bit Server VM" />
    <property name="artifacts.mps" value="/Applications/MPS 2022.3.app/Contents" />
    <property name="mps.ant.log" value="warn" />
    <property name="ant.core.lib" value="/Applications/MPS 2022.3.app/Contents/lib/ant/lib/ant.jar" />
    <property name="java.vendor.url.bug" value="https://bugreport.java.com/bugreport/" />
    <property name="user.dir" value="/Users/Maria.Lebedeva/MPSProjects/MPSSmokeTestData223_2" />
    <property name="os.arch" value="x86_64" />
    <property name="import.mps.mps.idea.platform.build.number" value="MPS-223.8836.275" />
    <property name="mps.tests.path.string" value="/Users/Maria.Lebedeva/MPSProjects/MPSSmokeTestData223_2/build/tmp/BuildProjectWithTests/default/ForSmokeTest.zip/ForSmokeTest/languages/ForSmokeTest/TestModes.jar" />
    <property name="environment" value="env" />
    <property name="java.vm.info" value="mixed mode" />
    <property name="java.vm.version" value="17.0.6+1-b653.34" />
    <property name="build.tmp" value="/Users/Maria.Lebedeva/MPSProjects/MPSSmokeTestData223_2/build/tmp/BuildProjectWithTests" />
    <property name="java.class.version" value="61.0" />
    <property name="ant.project.default-target" value="build" />
  </properties>
  <testcase classname="TestModes.lang.test.BLFieldInitialization_Test" name="test_BLFieldInitialization" time="6.102" />
  <testcase classname="TestModes.lang.test.SimpleNodeTest_Test" name="test_NodeExpectedTypeCheck420973304662290716" time="0.708" />
  <system-out><![CDATA[]]></system-out>
  <system-err><![CDATA[Configuration file for j.u.l.LogManager does not exist: /Applications/MPS 2022.3.app/Contents/test-log.properties
[   6295]   WARN - jetbrains.mps.plugins.applicationplugins.BaseApplicationPlugin - Group to insert was not found id: jetbrains.mps.java.platform.actions.ModelActions_ActionGroup. Trying to insert into jetbrains.mps.ide.actions.ModelActions_ActionGroup
[   7340] SEVERE - jetbrains.mps.tool.environment.EnvironmentBase - The macro 'samples_home' to non-existent location
[   8141]   WARN - #c.i.e.RunManager - Must be not called before project components initialized
[  31103]   WARN - jetbrains.mps.ide.vfs.IdeaFile - There might be a problem when adding file listener for the files inside the archive: '/Users/Maria.Lebedeva/MPSProjects/MPSSmokeTestData223_2/build/tmp/BuildProjectWithTests/default/ForSmokeTest.zip/ForSmokeTest/languages/ForSmokeTest/TestModes.jar!/META-INF/module.xml'
[  32830]   WARN - #c.i.e.RunManager - Must be not called before project components initialized
[  33220]   WARN - jetbrains.mps.classloading.ModulesWatcher - 2 modules are marked as invalid roots for class loading out of 283 modules [totally in the repository]:
[  33221]   WARN - jetbrains.mps.classloading.ModulesWatcher - mps.masha.summator.build [solution] depends on a disposed module 422c2909-59d6-41a9-b318-40e6256b250f(jetbrains.mps.ide.build) and therefore was marked invalid for class loading
[  33221]   WARN - jetbrains.mps.classloading.ModulesWatcher - Tests.build [solution] depends on a disposed module 422c2909-59d6-41a9-b318-40e6256b250f(jetbrains.mps.ide.build) and therefore was marked invalid for class loading
]]></system-err>
</testsuite>
